<?xml version="1.0" encoding="UTF-8"?>
<testsuite name="com.bknote71.multinlpio.MultiNlpIoApplicationTests" tests="1" skipped="0" failures="0" errors="0" timestamp="2023-07-28T14:23:50" hostname="iminhyeog-ui-MacBookPro.local" time="0.3">
  <properties/>
  <testcase name="contextLoads()" classname="com.bknote71.multinlpio.MultiNlpIoApplicationTests" time="0.3"/>
  <system-out><![CDATA[23:23:48.102 [Test worker] DEBUG org.springframework.test.context.BootstrapUtils - Instantiating CacheAwareContextLoaderDelegate from class [org.springframework.test.context.cache.DefaultCacheAwareContextLoaderDelegate]
23:23:48.110 [Test worker] DEBUG org.springframework.test.context.BootstrapUtils - Instantiating BootstrapContext using constructor [public org.springframework.test.context.support.DefaultBootstrapContext(java.lang.Class,org.springframework.test.context.CacheAwareContextLoaderDelegate)]
23:23:48.139 [Test worker] DEBUG org.springframework.test.context.BootstrapUtils - Instantiating TestContextBootstrapper for test class [com.bknote71.multinlpio.MultiNlpIoApplicationTests] from class [org.springframework.boot.test.context.SpringBootTestContextBootstrapper]
23:23:48.147 [Test worker] INFO org.springframework.boot.test.context.SpringBootTestContextBootstrapper - Neither @ContextConfiguration nor @ContextHierarchy found for test class [com.bknote71.multinlpio.MultiNlpIoApplicationTests], using SpringBootContextLoader
23:23:48.150 [Test worker] DEBUG org.springframework.test.context.support.AbstractContextLoader - Did not detect default resource location for test class [com.bknote71.multinlpio.MultiNlpIoApplicationTests]: class path resource [com/bknote71/multinlpio/MultiNlpIoApplicationTests-context.xml] does not exist
23:23:48.150 [Test worker] DEBUG org.springframework.test.context.support.AbstractContextLoader - Did not detect default resource location for test class [com.bknote71.multinlpio.MultiNlpIoApplicationTests]: class path resource [com/bknote71/multinlpio/MultiNlpIoApplicationTestsContext.groovy] does not exist
23:23:48.150 [Test worker] INFO org.springframework.test.context.support.AbstractContextLoader - Could not detect default resource locations for test class [com.bknote71.multinlpio.MultiNlpIoApplicationTests]: no resource found for suffixes {-context.xml, Context.groovy}.
23:23:48.151 [Test worker] INFO org.springframework.test.context.support.AnnotationConfigContextLoaderUtils - Could not detect default configuration classes for test class [com.bknote71.multinlpio.MultiNlpIoApplicationTests]: MultiNlpIoApplicationTests does not declare any static, non-private, non-final, nested classes annotated with @Configuration.
23:23:48.184 [Test worker] DEBUG org.springframework.test.context.support.ActiveProfilesUtils - Could not find an 'annotation declaring class' for annotation type [org.springframework.test.context.ActiveProfiles] and class [com.bknote71.multinlpio.MultiNlpIoApplicationTests]
23:23:48.237 [Test worker] DEBUG org.springframework.context.annotation.ClassPathScanningCandidateComponentProvider - Identified candidate component class: file [/Users/minh/Documents/game/spacecode1/build/classes/java/main/com/bknote71/multinlpio/MultiNlpIoApplication.class]
23:23:48.238 [Test worker] INFO org.springframework.boot.test.context.SpringBootTestContextBootstrapper - Found @SpringBootConfiguration com.bknote71.multinlpio.MultiNlpIoApplication for test class com.bknote71.multinlpio.MultiNlpIoApplicationTests
23:23:48.311 [Test worker] DEBUG org.springframework.boot.test.context.SpringBootTestContextBootstrapper - @TestExecutionListeners is not present for class [com.bknote71.multinlpio.MultiNlpIoApplicationTests]: using defaults.
23:23:48.311 [Test worker] INFO org.springframework.boot.test.context.SpringBootTestContextBootstrapper - Loaded default TestExecutionListener class names from location [META-INF/spring.factories]: [org.springframework.boot.test.autoconfigure.restdocs.RestDocsTestExecutionListener, org.springframework.boot.test.autoconfigure.web.client.MockRestServiceServerResetTestExecutionListener, org.springframework.boot.test.autoconfigure.web.servlet.MockMvcPrintOnlyOnFailureTestExecutionListener, org.springframework.boot.test.autoconfigure.web.servlet.WebDriverTestExecutionListener, org.springframework.boot.test.autoconfigure.webservices.client.MockWebServiceServerTestExecutionListener, org.springframework.boot.test.mock.mockito.MockitoTestExecutionListener, org.springframework.boot.test.mock.mockito.ResetMocksTestExecutionListener, org.springframework.test.context.web.ServletTestExecutionListener, org.springframework.test.context.support.DirtiesContextBeforeModesTestExecutionListener, org.springframework.test.context.event.ApplicationEventsTestExecutionListener, org.springframework.test.context.support.DependencyInjectionTestExecutionListener, org.springframework.test.context.support.DirtiesContextTestExecutionListener, org.springframework.test.context.transaction.TransactionalTestExecutionListener, org.springframework.test.context.jdbc.SqlScriptsTestExecutionListener, org.springframework.test.context.event.EventPublishingTestExecutionListener]
23:23:48.326 [Test worker] INFO org.springframework.boot.test.context.SpringBootTestContextBootstrapper - Using TestExecutionListeners: [org.springframework.test.context.web.ServletTestExecutionListener@6d304f9d, org.springframework.test.context.support.DirtiesContextBeforeModesTestExecutionListener@f73dcd6, org.springframework.test.context.event.ApplicationEventsTestExecutionListener@5c87bfe2, org.springframework.boot.test.mock.mockito.MockitoTestExecutionListener@2fea7088, org.springframework.boot.test.autoconfigure.SpringBootDependencyInjectionTestExecutionListener@40499e4f, org.springframework.test.context.support.DirtiesContextTestExecutionListener@51cd7ffc, org.springframework.test.context.transaction.TransactionalTestExecutionListener@30d4b288, org.springframework.test.context.jdbc.SqlScriptsTestExecutionListener@4cc6fa2a, org.springframework.test.context.event.EventPublishingTestExecutionListener@40f1be1b, org.springframework.boot.test.autoconfigure.restdocs.RestDocsTestExecutionListener@7a791b66, org.springframework.boot.test.autoconfigure.web.client.MockRestServiceServerResetTestExecutionListener@6f2cb653, org.springframework.boot.test.autoconfigure.web.servlet.MockMvcPrintOnlyOnFailureTestExecutionListener@14c01636, org.springframework.boot.test.autoconfigure.web.servlet.WebDriverTestExecutionListener@590c73d3, org.springframework.boot.test.autoconfigure.webservices.client.MockWebServiceServerTestExecutionListener@6b9ce1bf, org.springframework.boot.test.mock.mockito.ResetMocksTestExecutionListener@61884cb1]
23:23:48.329 [Test worker] DEBUG org.springframework.test.context.support.AbstractDirtiesContextTestExecutionListener - Before test class: context [DefaultTestContext@13e3c1c7 testClass = MultiNlpIoApplicationTests, testInstance = [null], testMethod = [null], testException = [null], mergedContextConfiguration = [WebMergedContextConfiguration@5316e95f testClass = MultiNlpIoApplicationTests, locations = '{}', classes = '{class com.bknote71.multinlpio.MultiNlpIoApplication}', contextInitializerClasses = '[]', activeProfiles = '{}', propertySourceLocations = '{}', propertySourceProperties = '{org.springframework.boot.test.context.SpringBootTestContextBootstrapper=true}', contextCustomizers = set[org.springframework.boot.test.autoconfigure.actuate.metrics.MetricsExportContextCustomizerFactory$DisableMetricExportContextCustomizer@457c9034, org.springframework.boot.test.autoconfigure.properties.PropertyMappingContextCustomizer@0, org.springframework.boot.test.autoconfigure.web.servlet.WebDriverContextCustomizerFactory$Customizer@7e5c856f, org.springframework.boot.test.context.filter.ExcludeFilterContextCustomizer@3bd323e9, org.springframework.boot.test.json.DuplicateJsonObjectContextCustomizerFactory$DuplicateJsonObjectContextCustomizer@3403e2ac, org.springframework.boot.test.mock.mockito.MockitoContextCustomizer@0, org.springframework.boot.test.web.client.TestRestTemplateContextCustomizer@56673b2c, org.springframework.boot.test.context.SpringBootTestArgs@1, org.springframework.boot.test.context.SpringBootTestWebEnvironment@75db5df9], resourceBasePath = 'src/main/webapp', contextLoader = 'org.springframework.boot.test.context.SpringBootContextLoader', parent = [null]], attributes = map['org.springframework.test.context.web.ServletTestExecutionListener.activateListener' -> true]], class annotated with @DirtiesContext [false] with mode [null].

  .   ____          _            __ _ _
 /\\ / ___'_ __ _ _(_)_ __  __ _ \ \ \ \
( ( )\___ | '_ | '_| | '_ \/ _` | \ \ \ \
 \\/  ___)| |_)| | | | | || (_| |  ) ) ) )
  '  |____| .__|_| |_|_| |_\__, | / / / /
 =========|_|==============|___/=/_/_/_/
 :: Spring Boot ::               (v2.7.13)

2023-07-28 23:23:48.744  INFO 41799 --- [    Test worker] c.b.m.MultiNlpIoApplicationTests         : Starting MultiNlpIoApplicationTests using Java 19.0.1 on iminhyeog-ui-MacBookPro.local with PID 41799 (started by minh in /Users/minh/Documents/game/spacecode1)
2023-07-28 23:23:48.745  INFO 41799 --- [    Test worker] c.b.m.MultiNlpIoApplicationTests         : No active profile set, falling back to 1 default profile: "default"
2023-07-28 23:23:49.172  INFO 41799 --- [    Test worker] .s.d.r.c.RepositoryConfigurationDelegate : Multiple Spring Data modules found, entering strict repository configuration mode
2023-07-28 23:23:49.174  INFO 41799 --- [    Test worker] .s.d.r.c.RepositoryConfigurationDelegate : Bootstrapping Spring Data Redis repositories in DEFAULT mode.
2023-07-28 23:23:49.197  INFO 41799 --- [    Test worker] .s.d.r.c.RepositoryConfigurationDelegate : Finished Spring Data repository scanning in 12 ms. Found 0 Redis repository interfaces.
2023-07-28 23:23:50.083  INFO 41799 --- [    Test worker] o.s.b.a.w.s.WelcomePageHandlerMapping    : Adding welcome page template: index
2023-07-28 23:23:50.348  INFO 41799 --- [    Test worker] c.b.m.MultiNlpIoApplicationTests         : Started MultiNlpIoApplicationTests in 1.992 seconds (JVM running for 2.899)
]]></system-out>
  <system-err><![CDATA[]]></system-err>
</testsuite>
