<?xml version="1.0" encoding="UTF-8"?>
<testsuite name="com.bknote71.multinlpio.protocol.info.UpdateInfoTest" tests="1" skipped="0" failures="0" errors="0" timestamp="2023-07-28T14:39:13" hostname="LAPTOP-RN6OIUDO" time="0.006">
  <properties/>
  <testcase name="updateinfo_json()" classname="com.bknote71.multinlpio.protocol.info.UpdateInfoTest" time="0.006"/>
  <system-out><![CDATA[{"t":1690555153705,"others":[],"bullets":[],"meteors":[],"leaderboard":null}
{"type":"sentergame","protocol":"S_EnterGame","player":{"objectId":0,"name":null,"posInfo":null,"statInfo":null}}
]]></system-out>
  <system-err><![CDATA[]]></system-err>
</testsuite>
