<?xml version="1.0" encoding="UTF-8"?>
<testsuite name="com.bknote71.multinlpio.packet.ServerPacketManagerTest" tests="1" skipped="0" failures="0" errors="0" timestamp="2023-07-28T16:17:08" hostname="iminhyeog-ui-MacBookPro.local" time="0.049">
  <properties/>
  <testcase name="cchat_handling()" classname="com.bknote71.multinlpio.packet.ServerPacketManagerTest" time="0.049"/>
  <system-out><![CDATA[2023-07-29 01:17:08.764  INFO 94050 --- [    Test worker] c.b.multinlpio.packet.PacketHandler      : player is null
]]></system-out>
  <system-err><![CDATA[]]></system-err>
</testsuite>
