<?xml version="1.0" encoding="UTF-8"?>
<testsuite name="com.bknote71.multinlpio.data.DataManagerTest" tests="1" skipped="0" failures="0" errors="0" timestamp="2023-07-28T14:18:13" hostname="iminhyeog-ui-MacBookPro.local" time="0.003">
  <properties/>
  <testcase name="word()" classname="com.bknote71.multinlpio.data.DataManagerTest" time="0.003"/>
  <system-out><![CDATA[2023-07-28 23:18:13.801  INFO 38806 --- [    Test worker] .b.t.c.SpringBootTestContextBootstrapper : Neither @ContextConfiguration nor @ContextHierarchy found for test class [com.bknote71.multinlpio.data.DataManagerTest], using SpringBootContextLoader
2023-07-28 23:18:13.801  INFO 38806 --- [    Test worker] o.s.t.c.support.AbstractContextLoader    : Could not detect default resource locations for test class [com.bknote71.multinlpio.data.DataManagerTest]: no resource found for suffixes {-context.xml, Context.groovy}.
2023-07-28 23:18:13.801  INFO 38806 --- [    Test worker] t.c.s.AnnotationConfigContextLoaderUtils : Could not detect default configuration classes for test class [com.bknote71.multinlpio.data.DataManagerTest]: DataManagerTest does not declare any static, non-private, non-final, nested classes annotated with @Configuration.
2023-07-28 23:18:13.807  INFO 38806 --- [    Test worker] .b.t.c.SpringBootTestContextBootstrapper : Found @SpringBootConfiguration com.bknote71.multinlpio.MultiNlpIoApplication for test class com.bknote71.multinlpio.data.DataManagerTest
2023-07-28 23:18:13.808  INFO 38806 --- [    Test worker] .b.t.c.SpringBootTestContextBootstrapper : Loaded default TestExecutionListener class names from location [META-INF/spring.factories]: [org.springframework.boot.test.autoconfigure.restdocs.RestDocsTestExecutionListener, org.springframework.boot.test.autoconfigure.web.client.MockRestServiceServerResetTestExecutionListener, org.springframework.boot.test.autoconfigure.web.servlet.MockMvcPrintOnlyOnFailureTestExecutionListener, org.springframework.boot.test.autoconfigure.web.servlet.WebDriverTestExecutionListener, org.springframework.boot.test.autoconfigure.webservices.client.MockWebServiceServerTestExecutionListener, org.springframework.boot.test.mock.mockito.MockitoTestExecutionListener, org.springframework.boot.test.mock.mockito.ResetMocksTestExecutionListener, org.springframework.test.context.web.ServletTestExecutionListener, org.springframework.test.context.support.DirtiesContextBeforeModesTestExecutionListener, org.springframework.test.context.event.ApplicationEventsTestExecutionListener, org.springframework.test.context.support.DependencyInjectionTestExecutionListener, org.springframework.test.context.support.DirtiesContextTestExecutionListener, org.springframework.test.context.transaction.TransactionalTestExecutionListener, org.springframework.test.context.jdbc.SqlScriptsTestExecutionListener, org.springframework.test.context.event.EventPublishingTestExecutionListener]
2023-07-28 23:18:13.809  INFO 38806 --- [    Test worker] .b.t.c.SpringBootTestContextBootstrapper : Using TestExecutionListeners: [org.springframework.test.context.web.ServletTestExecutionListener@2a661215, org.springframework.test.context.support.DirtiesContextBeforeModesTestExecutionListener@1f75fd1d, org.springframework.test.context.event.ApplicationEventsTestExecutionListener@212e39ee, org.springframework.boot.test.mock.mockito.MockitoTestExecutionListener@638d2ce3, org.springframework.boot.test.autoconfigure.SpringBootDependencyInjectionTestExecutionListener@79617c3d, org.springframework.test.context.support.DirtiesContextTestExecutionListener@49cceb19, org.springframework.test.context.transaction.TransactionalTestExecutionListener@197d5a87, org.springframework.test.context.jdbc.SqlScriptsTestExecutionListener@131d977f, org.springframework.test.context.event.EventPublishingTestExecutionListener@616f81b5, org.springframework.boot.test.autoconfigure.restdocs.RestDocsTestExecutionListener@4f552aa2, org.springframework.boot.test.autoconfigure.web.client.MockRestServiceServerResetTestExecutionListener@3c8fe8ad, org.springframework.boot.test.autoconfigure.web.servlet.MockMvcPrintOnlyOnFailureTestExecutionListener@43d6262c, org.springframework.boot.test.autoconfigure.web.servlet.WebDriverTestExecutionListener@5e2975ca, org.springframework.boot.test.autoconfigure.webservices.client.MockWebServiceServerTestExecutionListener@38cf4497, org.springframework.boot.test.mock.mockito.ResetMocksTestExecutionListener@7b4619a3]
]]></system-out>
  <system-err><![CDATA[]]></system-err>
</testsuite>
