<?xml version="1.0" encoding="UTF-8"?>
<testsuite name="com.bknote71.multinlpio.data.DataManagerTest" tests="1" skipped="0" failures="0" errors="0" timestamp="2023-07-28T16:17:08" hostname="iminhyeog-ui-MacBookPro.local" time="0.003">
  <properties/>
  <testcase name="word()" classname="com.bknote71.multinlpio.data.DataManagerTest" time="0.003"/>
  <system-out><![CDATA[2023-07-29 01:17:08.625  INFO 94050 --- [    Test worker] .b.t.c.SpringBootTestContextBootstrapper : Neither @ContextConfiguration nor @ContextHierarchy found for test class [com.bknote71.multinlpio.data.DataManagerTest], using SpringBootContextLoader
2023-07-29 01:17:08.626  INFO 94050 --- [    Test worker] o.s.t.c.support.AbstractContextLoader    : Could not detect default resource locations for test class [com.bknote71.multinlpio.data.DataManagerTest]: no resource found for suffixes {-context.xml, Context.groovy}.
2023-07-29 01:17:08.626  INFO 94050 --- [    Test worker] t.c.s.AnnotationConfigContextLoaderUtils : Could not detect default configuration classes for test class [com.bknote71.multinlpio.data.DataManagerTest]: DataManagerTest does not declare any static, non-private, non-final, nested classes annotated with @Configuration.
2023-07-29 01:17:08.634  INFO 94050 --- [    Test worker] .b.t.c.SpringBootTestContextBootstrapper : Found @SpringBootConfiguration com.bknote71.multinlpio.MultiNlpIoApplication for test class com.bknote71.multinlpio.data.DataManagerTest
2023-07-29 01:17:08.635  INFO 94050 --- [    Test worker] .b.t.c.SpringBootTestContextBootstrapper : Loaded default TestExecutionListener class names from location [META-INF/spring.factories]: [org.springframework.boot.test.autoconfigure.restdocs.RestDocsTestExecutionListener, org.springframework.boot.test.autoconfigure.web.client.MockRestServiceServerResetTestExecutionListener, org.springframework.boot.test.autoconfigure.web.servlet.MockMvcPrintOnlyOnFailureTestExecutionListener, org.springframework.boot.test.autoconfigure.web.servlet.WebDriverTestExecutionListener, org.springframework.boot.test.autoconfigure.webservices.client.MockWebServiceServerTestExecutionListener, org.springframework.boot.test.mock.mockito.MockitoTestExecutionListener, org.springframework.boot.test.mock.mockito.ResetMocksTestExecutionListener, org.springframework.test.context.web.ServletTestExecutionListener, org.springframework.test.context.support.DirtiesContextBeforeModesTestExecutionListener, org.springframework.test.context.event.ApplicationEventsTestExecutionListener, org.springframework.test.context.support.DependencyInjectionTestExecutionListener, org.springframework.test.context.support.DirtiesContextTestExecutionListener, org.springframework.test.context.transaction.TransactionalTestExecutionListener, org.springframework.test.context.jdbc.SqlScriptsTestExecutionListener, org.springframework.test.context.event.EventPublishingTestExecutionListener]
2023-07-29 01:17:08.636  INFO 94050 --- [    Test worker] .b.t.c.SpringBootTestContextBootstrapper : Using TestExecutionListeners: [org.springframework.test.context.web.ServletTestExecutionListener@5b6cc344, org.springframework.test.context.support.DirtiesContextBeforeModesTestExecutionListener@2110684a, org.springframework.test.context.event.ApplicationEventsTestExecutionListener@83e635f, org.springframework.boot.test.mock.mockito.MockitoTestExecutionListener@61d011e, org.springframework.boot.test.autoconfigure.SpringBootDependencyInjectionTestExecutionListener@3b56947a, org.springframework.test.context.support.DirtiesContextTestExecutionListener@1926f962, org.springframework.test.context.transaction.TransactionalTestExecutionListener@62794582, org.springframework.test.context.jdbc.SqlScriptsTestExecutionListener@c82ad22, org.springframework.test.context.event.EventPublishingTestExecutionListener@3f80d8c, org.springframework.boot.test.autoconfigure.restdocs.RestDocsTestExecutionListener@2d3b0978, org.springframework.boot.test.autoconfigure.web.client.MockRestServiceServerResetTestExecutionListener@5c60c08, org.springframework.boot.test.autoconfigure.web.servlet.MockMvcPrintOnlyOnFailureTestExecutionListener@1cb44a2f, org.springframework.boot.test.autoconfigure.web.servlet.WebDriverTestExecutionListener@5fe3b058, org.springframework.boot.test.autoconfigure.webservices.client.MockWebServiceServerTestExecutionListener@2a661215, org.springframework.boot.test.mock.mockito.ResetMocksTestExecutionListener@1f75fd1d]
]]></system-out>
  <system-err><![CDATA[]]></system-err>
</testsuite>
