<?xml version="1.0" encoding="UTF-8"?>
<testsuite name="com.bknote71.multinlpio.packet.ServerPacketManagerTest" tests="1" skipped="0" failures="0" errors="0" timestamp="2023-07-28T14:23:50" hostname="iminhyeog-ui-MacBookPro.local" time="0.042">
  <properties/>
  <testcase name="cchat_handling()" classname="com.bknote71.multinlpio.packet.ServerPacketManagerTest" time="0.042"/>
  <system-out><![CDATA[2023-07-28 23:23:50.764  INFO 41799 --- [    Test worker] c.b.multinlpio.packet.PacketHandler      : player is null
]]></system-out>
  <system-err><![CDATA[]]></system-err>
</testsuite>
