<?xml version="1.0" encoding="UTF-8"?>
<testsuite name="com.bknote71.multinlpio.data.DataManagerTest" tests="1" skipped="0" failures="0" errors="0" timestamp="2023-07-28T14:39:13" hostname="LAPTOP-RN6OIUDO" time="0.003">
  <properties/>
  <testcase name="word()" classname="com.bknote71.multinlpio.data.DataManagerTest" time="0.003"/>
  <system-out><![CDATA[2023-07-28 23:39:13.468  INFO 32032 --- [    Test worker] .b.t.c.SpringBootTestContextBootstrapper : Neither @ContextConfiguration nor @ContextHierarchy found for test class [com.bknote71.multinlpio.data.DataManagerTest], using SpringBootContextLoader
2023-07-28 23:39:13.469  INFO 32032 --- [    Test worker] o.s.t.c.support.AbstractContextLoader    : Could not detect default resource locations for test class [com.bknote71.multinlpio.data.DataManagerTest]: no resource found for suffixes {-context.xml, Context.groovy}.
2023-07-28 23:39:13.469  INFO 32032 --- [    Test worker] t.c.s.AnnotationConfigContextLoaderUtils : Could not detect default configuration classes for test class [com.bknote71.multinlpio.data.DataManagerTest]: DataManagerTest does not declare any static, non-private, non-final, nested classes annotated with @Configuration.
2023-07-28 23:39:13.483  INFO 32032 --- [    Test worker] .b.t.c.SpringBootTestContextBootstrapper : Found @SpringBootConfiguration com.bknote71.multinlpio.MultiNlpIoApplication for test class com.bknote71.multinlpio.data.DataManagerTest
2023-07-28 23:39:13.485  INFO 32032 --- [    Test worker] .b.t.c.SpringBootTestContextBootstrapper : Loaded default TestExecutionListener class names from location [META-INF/spring.factories]: [org.springframework.boot.test.autoconfigure.restdocs.RestDocsTestExecutionListener, org.springframework.boot.test.autoconfigure.web.client.MockRestServiceServerResetTestExecutionListener, org.springframework.boot.test.autoconfigure.web.servlet.MockMvcPrintOnlyOnFailureTestExecutionListener, org.springframework.boot.test.autoconfigure.web.servlet.WebDriverTestExecutionListener, org.springframework.boot.test.autoconfigure.webservices.client.MockWebServiceServerTestExecutionListener, org.springframework.boot.test.mock.mockito.MockitoTestExecutionListener, org.springframework.boot.test.mock.mockito.ResetMocksTestExecutionListener, org.springframework.test.context.web.ServletTestExecutionListener, org.springframework.test.context.support.DirtiesContextBeforeModesTestExecutionListener, org.springframework.test.context.event.ApplicationEventsTestExecutionListener, org.springframework.test.context.support.DependencyInjectionTestExecutionListener, org.springframework.test.context.support.DirtiesContextTestExecutionListener, org.springframework.test.context.transaction.TransactionalTestExecutionListener, org.springframework.test.context.jdbc.SqlScriptsTestExecutionListener, org.springframework.test.context.event.EventPublishingTestExecutionListener]
2023-07-28 23:39:13.486  INFO 32032 --- [    Test worker] .b.t.c.SpringBootTestContextBootstrapper : Using TestExecutionListeners: [org.springframework.test.context.web.ServletTestExecutionListener@41026e5c, org.springframework.test.context.support.DirtiesContextBeforeModesTestExecutionListener@12421766, org.springframework.test.context.event.ApplicationEventsTestExecutionListener@2e44cb34, org.springframework.boot.test.mock.mockito.MockitoTestExecutionListener@731e0bff, org.springframework.boot.test.autoconfigure.SpringBootDependencyInjectionTestExecutionListener@213ceb4e, org.springframework.test.context.support.DirtiesContextTestExecutionListener@23c72128, org.springframework.test.context.transaction.TransactionalTestExecutionListener@2bd2430f, org.springframework.test.context.jdbc.SqlScriptsTestExecutionListener@2890e479, org.springframework.test.context.event.EventPublishingTestExecutionListener@6eb00cbe, org.springframework.boot.test.autoconfigure.restdocs.RestDocsTestExecutionListener@74e4be21, org.springframework.boot.test.autoconfigure.web.client.MockRestServiceServerResetTestExecutionListener@4d174189, org.springframework.boot.test.autoconfigure.web.servlet.MockMvcPrintOnlyOnFailureTestExecutionListener@628bd77e, org.springframework.boot.test.autoconfigure.web.servlet.WebDriverTestExecutionListener@c30f26d, org.springframework.boot.test.autoconfigure.webservices.client.MockWebServiceServerTestExecutionListener@5d74507c, org.springframework.boot.test.mock.mockito.ResetMocksTestExecutionListener@2a984952]
]]></system-out>
  <system-err><![CDATA[]]></system-err>
</testsuite>
