<?xml version="1.0" encoding="UTF-8"?>
<testsuite name="com.bknote71.multinlpio.data.DataManagerTest" tests="1" skipped="0" failures="0" errors="0" timestamp="2023-07-28T15:51:05" hostname="iminhyeog-ui-MacBookPro.local" time="0.003">
  <properties/>
  <testcase name="word()" classname="com.bknote71.multinlpio.data.DataManagerTest" time="0.003"/>
  <system-out><![CDATA[2023-07-29 00:51:05.924  INFO 80953 --- [    Test worker] .b.t.c.SpringBootTestContextBootstrapper : Neither @ContextConfiguration nor @ContextHierarchy found for test class [com.bknote71.multinlpio.data.DataManagerTest], using SpringBootContextLoader
2023-07-29 00:51:05.924  INFO 80953 --- [    Test worker] o.s.t.c.support.AbstractContextLoader    : Could not detect default resource locations for test class [com.bknote71.multinlpio.data.DataManagerTest]: no resource found for suffixes {-context.xml, Context.groovy}.
2023-07-29 00:51:05.925  INFO 80953 --- [    Test worker] t.c.s.AnnotationConfigContextLoaderUtils : Could not detect default configuration classes for test class [com.bknote71.multinlpio.data.DataManagerTest]: DataManagerTest does not declare any static, non-private, non-final, nested classes annotated with @Configuration.
2023-07-29 00:51:05.931  INFO 80953 --- [    Test worker] .b.t.c.SpringBootTestContextBootstrapper : Found @SpringBootConfiguration com.bknote71.multinlpio.MultiNlpIoApplication for test class com.bknote71.multinlpio.data.DataManagerTest
2023-07-29 00:51:05.932  INFO 80953 --- [    Test worker] .b.t.c.SpringBootTestContextBootstrapper : Loaded default TestExecutionListener class names from location [META-INF/spring.factories]: [org.springframework.boot.test.autoconfigure.restdocs.RestDocsTestExecutionListener, org.springframework.boot.test.autoconfigure.web.client.MockRestServiceServerResetTestExecutionListener, org.springframework.boot.test.autoconfigure.web.servlet.MockMvcPrintOnlyOnFailureTestExecutionListener, org.springframework.boot.test.autoconfigure.web.servlet.WebDriverTestExecutionListener, org.springframework.boot.test.autoconfigure.webservices.client.MockWebServiceServerTestExecutionListener, org.springframework.boot.test.mock.mockito.MockitoTestExecutionListener, org.springframework.boot.test.mock.mockito.ResetMocksTestExecutionListener, org.springframework.test.context.web.ServletTestExecutionListener, org.springframework.test.context.support.DirtiesContextBeforeModesTestExecutionListener, org.springframework.test.context.event.ApplicationEventsTestExecutionListener, org.springframework.test.context.support.DependencyInjectionTestExecutionListener, org.springframework.test.context.support.DirtiesContextTestExecutionListener, org.springframework.test.context.transaction.TransactionalTestExecutionListener, org.springframework.test.context.jdbc.SqlScriptsTestExecutionListener, org.springframework.test.context.event.EventPublishingTestExecutionListener]
2023-07-29 00:51:05.933  INFO 80953 --- [    Test worker] .b.t.c.SpringBootTestContextBootstrapper : Using TestExecutionListeners: [org.springframework.test.context.web.ServletTestExecutionListener@616f81b5, org.springframework.test.context.support.DirtiesContextBeforeModesTestExecutionListener@4f552aa2, org.springframework.test.context.event.ApplicationEventsTestExecutionListener@3c8fe8ad, org.springframework.boot.test.mock.mockito.MockitoTestExecutionListener@43d6262c, org.springframework.boot.test.autoconfigure.SpringBootDependencyInjectionTestExecutionListener@5e2975ca, org.springframework.test.context.support.DirtiesContextTestExecutionListener@38cf4497, org.springframework.test.context.transaction.TransactionalTestExecutionListener@7b4619a3, org.springframework.test.context.jdbc.SqlScriptsTestExecutionListener@9d3a7a1, org.springframework.test.context.event.EventPublishingTestExecutionListener@1c411474, org.springframework.boot.test.autoconfigure.restdocs.RestDocsTestExecutionListener@5e681097, org.springframework.boot.test.autoconfigure.web.client.MockRestServiceServerResetTestExecutionListener@152891f8, org.springframework.boot.test.autoconfigure.web.servlet.MockMvcPrintOnlyOnFailureTestExecutionListener@1d2c253, org.springframework.boot.test.autoconfigure.web.servlet.WebDriverTestExecutionListener@15a484a9, org.springframework.boot.test.autoconfigure.webservices.client.MockWebServiceServerTestExecutionListener@b56c222, org.springframework.boot.test.mock.mockito.ResetMocksTestExecutionListener@5a2035e1]
]]></system-out>
  <system-err><![CDATA[]]></system-err>
</testsuite>
